#
# There is insufficient memory for the Java Runtime Environment to continue.
# Native memory allocation (malloc) failed to allocate 1048576 bytes for AllocateHeap
# Possible reasons:
#   The system is out of physical RAM or swap space
#   The process is running with CompressedOops enabled, and the Java Heap may be blocking the growth of the native heap
# Possible solutions:
#   Reduce memory load on the system
#   Increase physical memory or swap space
#   Check if swap backing store is full
#   Decrease Java heap size (-Xmx/-Xms)
#   Decrease number of Java threads
#   Decrease Java thread stack sizes (-Xss)
#   Set larger code cache with -XX:ReservedCodeCacheSize=
#   JVM is running with Unscaled Compressed Oops mode in which the Java heap is
#     placed in the first 4GB address space. The Java Heap base address is the
#     maximum limit for the native heap growth. Please use -XX:HeapBaseMinAddress
#     to set the Java Heap base and to place the Java Heap above 4GB virtual address.
# This output file may be truncated or incomplete.
#
#  Out of Memory Error (allocation.cpp:44), pid=7864, tid=8536
#
# JRE version:  (17.0.1+12) (build )
# Java VM: OpenJDK 64-Bit Server VM (17.0.1+12, mixed mode, tiered, compressed oops, compressed class ptrs, parallel gc, windows-amd64)
# No core dump will be written. Minidumps are not enabled by default on client versions of Windows
#

---------------  S U M M A R Y ------------

Command Line: --add-modules=ALL-SYSTEM --add-opens=java.base/java.util=ALL-UNNAMED --add-opens=java.base/java.lang=ALL-UNNAMED --add-opens=java.base/sun.nio.fs=ALL-UNNAMED -Declipse.application=org.eclipse.jdt.ls.core.id1 -Dosgi.bundles.defaultStartLevel=4 -Declipse.product=org.eclipse.jdt.ls.core.product -Djava.import.generatesMetadataFilesAtProjectRoot=false -Dfile.encoding=utf8 -DwatchParentProcess=false -XX:+UseParallelGC -XX:GCTimeRatio=4 -XX:AdaptiveSizePolicyWeight=90 -Dsun.zip.disableMemoryMapping=true -Xmx1G -Xms100m c:\Users\shree\.vscode\extensions\redhat.java-1.3.0\server\plugins\org.eclipse.equinox.launcher_1.6.400.v20210924-0641.jar -configuration c:\Users\shree\AppData\Roaming\Code\User\globalStorage\redhat.java\1.3.0\config_ss_win -data c:\Users\shree\AppData\Roaming\Code\User\workspaceStorage\a234733266e7d496086917bf9cbe886e\redhat.java\ss_ws

Host: AMD Ryzen 5 3550H with Radeon Vega Mobile Gfx  , 8 cores, 5G,  Windows 10 , 64 bit Build 19041 (10.0.19041.1466)
Time: Mon Apr 18 14:44:36 2022 India Standard Time elapsed time: 0.277724 seconds (0d 0h 0m 0s)

---------------  T H R E A D  ---------------

Current thread (0x0000017baf5205c0):  JavaThread "Unknown thread" [_thread_in_vm, id=8536, stack(0x00000051c5500000,0x00000051c5600000)]

Stack: [0x00000051c5500000,0x00000051c5600000]
Native frames: (J=compiled Java code, j=interpreted, Vv=VM code, C=native code)
V  [jvm.dll+0x6744da]
V  [jvm.dll+0x82e144]
V  [jvm.dll+0x82f8ee]
V  [jvm.dll+0x82ff53]
V  [jvm.dll+0x245175]
V  [jvm.dll+0xa5e73]
V  [jvm.dll+0x6a6a06]
V  [jvm.dll+0x6a75af]
V  [jvm.dll+0x680ba3]
V  [jvm.dll+0x800508]
V  [jvm.dll+0x368d14]
V  [jvm.dll+0x7df2cc]
V  [jvm.dll+0x3eb59f]
V  [jvm.dll+0x3ed121]
C  [jli.dll+0x5277]
C  [ucrtbase.dll+0x21bb2]
C  [KERNEL32.DLL+0x17034]
C  [ntdll.dll+0x52651]


---------------  P R O C E S S  ---------------

Threads class SMR info:
_java_thread_list=0x00007ff8f4294e58, length=0, elements={
}

Java Threads: ( => current thread )

Other Threads:
  0x0000017baf536850 GCTaskThread "GC Thread#0" [stack: 0x00000051c5600000,0x00000051c5700000] [id=3576]

=>0x0000017baf5205c0 (exited) JavaThread "Unknown thread" [_thread_in_vm, id=8536, stack(0x00000051c5500000,0x00000051c5600000)]

Threads with active compile tasks:

VM state: not at safepoint (normal execution)

VM Mutex/Monitor currently owned by a thread: None

Heap address: 0x00000000c0000000, size: 1024 MB, Compressed Oops mode: 32-bit

CDS archive(s) not mapped
Compressed class space mapped at: 0x0000000100000000-0x0000000140000000, reserved size: 1073741824
Narrow klass base: 0x0000000000000000, Narrow klass shift: 3, Narrow klass range: 0x140000000

GC Precious Log:
 CPUs: 8 total, 8 available
 Memory: 6021M
 Large Page Support: Disabled
 NUMA Support: Disabled
 Compressed Oops: Enabled (32-bit)
 Alignments: Space 512K, Generation 512K, Heap 2M
 Heap Min Capacity: 100M
 Heap Initial Capacity: 100M
 Heap Max Capacity: 1G
 Pre-touch: Disabled
 Parallel Workers: 8

Heap:
 PSYoungGen      total 29696K, used 512K [0x00000000eab00000, 0x00000000ecc00000, 0x0000000100000000)
  eden space 25600K, 2% used [0x00000000eab00000,0x00000000eab80070,0x00000000ec400000)
  from space 4096K, 0% used [0x00000000ec800000,0x00000000ec800000,0x00000000ecc00000)
  to   space 4096K, 0% used [0x00000000ec400000,0x00000000ec400000,0x00000000ec800000)
 ParOldGen       total 68608K, used 0K [0x00000000c0000000, 0x00000000c4300000, 0x00000000eab00000)
  object space 68608K, 0% used [0x00000000c0000000,0x00000000c0000000,0x00000000c4300000)
 Metaspace       used 1148K, committed 1216K, reserved 1056768K
  class space    used 101K, committed 128K, reserved 1048576K

Card table byte_map: [0x0000017baeee0000,0x0000017baf0f0000] _byte_map_base: 0x0000017bae8e0000

Marking Bits: (ParMarkBitMap*) 0x00007ff8f4302a60
 Begin Bits: [0x0000017bc11b0000, 0x0000017bc21b0000)
 End Bits:   [0x0000017bc21b0000, 0x0000017bc31b0000)

Polling page: 0x0000017bad490000

Metaspace:

Usage:
  Non-class:      1.02 MB used.
      Class:    101.00 KB used.
       Both:      1.12 MB used.

Virtual space:
  Non-class space:        8.00 MB reserved,       1.06 MB ( 13%) committed,  1 nodes.
      Class space:        1.00 GB reserved,     128.00 KB ( <1%) committed,  1 nodes.
             Both:        1.01 GB reserved,       1.19 MB ( <1%) committed. 

Chunk freelists:
   Non-Class:  0 bytes
       Class:  3.75 MB
        Both:  3.75 MB

MaxMetaspaceSize: unlimited
CompressedClassSpaceSize: 1.00 GB
Initial GC threshold: 21.00 MB
Current GC threshold: 17179869184.00 GB
CDS: off
MetaspaceReclaimPolicy: balanced
 - commit_granule_bytes: 65536.
 - commit_granule_words: 8192.
 - virtual_space_node_default_size: 1048576.
 - enlarge_chunks_in_place: 1.
 - new_chunks_are_fully_committed: 0.
 - uncommit_free_chunks: 1.
 - use_allocation_guard: 0.
 - handle_deallocations: 1.


Internal statistics:

num_allocs_failed_limit: 0.
num_arena_births: 2.
num_arena_deaths: 0.
num_vsnodes_births: 2.
num_vsnodes_deaths: 0.
num_space_committed: 19.
num_space_uncommitted: 0.
num_chunks_returned_to_freelist: 0.
num_chunks_taken_from_freelist: 3.
num_chunk_merges: 0.
num_chunk_splits: 1.
num_chunks_enlarged: 0.
num_purges: 0.
num_inconsistent_stats: 0.

CodeHeap 'non-profiled nmethods': size=120000Kb used=0Kb max_used=0Kb free=120000Kb
 bounds [0x0000017bb9c80000, 0x0000017bb9ef0000, 0x0000017bc11b0000]
CodeHeap 'profiled nmethods': size=120000Kb used=0Kb max_used=0Kb free=120000Kb
 bounds [0x0000017bb2750000, 0x0000017bb29c0000, 0x0000017bb9c80000]
CodeHeap 'non-nmethods': size=5760Kb used=202Kb max_used=335Kb free=5557Kb
 bounds [0x0000017bb21b0000, 0x0000017bb2420000, 0x0000017bb2750000]
 total_blobs=66 nmethods=0 adapters=47
 compilation: enabled
              stopped_count=0, restarted_count=0
 full_count=0

Compilation events (0 events):
No events

GC Heap History (0 events):
No events

Deoptimization events (0 events):
No events

Classes unloaded (0 events):
No events

Classes redefined (0 events):
No events

Internal exceptions (0 events):
No events

VM Operations (0 events):
No events

Events (20 events):
Event: 0.262 loading class java/lang/Long
Event: 0.262 loading class java/lang/Long done
Event: 0.262 loading class java/util/Iterator
Event: 0.263 loading class java/util/Iterator done
Event: 0.263 loading class java/lang/reflect/RecordComponent
Event: 0.263 loading class java/lang/reflect/RecordComponent done
Event: 0.263 loading class jdk/internal/vm/vector/VectorSupport
Event: 0.263 loading class jdk/internal/vm/vector/VectorSupport done
Event: 0.263 loading class jdk/internal/vm/vector/VectorSupport$VectorPayload
Event: 0.264 loading class jdk/internal/vm/vector/VectorSupport$VectorPayload done
Event: 0.264 loading class jdk/internal/vm/vector/VectorSupport$Vector
Event: 0.264 loading class jdk/internal/vm/vector/VectorSupport$Vector done
Event: 0.264 loading class jdk/internal/vm/vector/VectorSupport$VectorMask
Event: 0.264 loading class jdk/internal/vm/vector/VectorSupport$VectorMask done
Event: 0.264 loading class jdk/internal/vm/vector/VectorSupport$VectorShuffle
Event: 0.264 loading class jdk/internal/vm/vector/VectorSupport$VectorShuffle done
Event: 0.269 loading class java/lang/NullPointerException
Event: 0.270 loading class java/lang/NullPointerException done
Event: 0.270 loading class java/lang/ArithmeticException
Event: 0.270 loading class java/lang/ArithmeticException done


Dynamic libraries:
0x00007ff635610000 - 0x00007ff63561e000 	c:\Users\shree\.vscode\extensions\redhat.java-1.3.0\jre\17.0.1-win32-x86_64\bin\java.exe
0x00007ff939310000 - 0x00007ff939505000 	C:\WINDOWS\SYSTEM32\ntdll.dll
0x00007ff938f20000 - 0x00007ff938fde000 	C:\WINDOWS\System32\KERNEL32.DLL
0x00007ff936b40000 - 0x00007ff936e08000 	C:\WINDOWS\System32\KERNELBASE.dll
0x00007ff936e10000 - 0x00007ff936f10000 	C:\WINDOWS\System32\ucrtbase.dll
0x00007ff91fde0000 - 0x00007ff91fdf9000 	c:\Users\shree\.vscode\extensions\redhat.java-1.3.0\jre\17.0.1-win32-x86_64\bin\VCRUNTIME140.dll
0x00007ff91db30000 - 0x00007ff91db48000 	c:\Users\shree\.vscode\extensions\redhat.java-1.3.0\jre\17.0.1-win32-x86_64\bin\jli.dll
0x00007ff938440000 - 0x00007ff9385e1000 	C:\WINDOWS\System32\USER32.dll
0x00007ff936b10000 - 0x00007ff936b32000 	C:\WINDOWS\System32\win32u.dll
0x00007ff91f440000 - 0x00007ff91f6da000 	C:\WINDOWS\WinSxS\amd64_microsoft.windows.common-controls_6595b64144ccf1df_6.0.19041.1110_none_60b5254171f9507e\COMCTL32.dll
0x00007ff938110000 - 0x00007ff9381ae000 	C:\WINDOWS\System32\msvcrt.dll
0x00007ff938dd0000 - 0x00007ff938dfb000 	C:\WINDOWS\System32\GDI32.dll
0x00007ff9370b0000 - 0x00007ff9371bd000 	C:\WINDOWS\System32\gdi32full.dll
0x00007ff936fc0000 - 0x00007ff93705d000 	C:\WINDOWS\System32\msvcp_win.dll
0x00007ff937d90000 - 0x00007ff937dc0000 	C:\WINDOWS\System32\IMM32.DLL
0x00007ff92f270000 - 0x00007ff92f27c000 	c:\Users\shree\.vscode\extensions\redhat.java-1.3.0\jre\17.0.1-win32-x86_64\bin\vcruntime140_1.dll
0x00007ff91ac90000 - 0x00007ff91ad21000 	c:\Users\shree\.vscode\extensions\redhat.java-1.3.0\jre\17.0.1-win32-x86_64\bin\msvcp140.dll
0x00007ff8f3780000 - 0x00007ff8f43c6000 	c:\Users\shree\.vscode\extensions\redhat.java-1.3.0\jre\17.0.1-win32-x86_64\bin\server\jvm.dll
0x00007ff939160000 - 0x00007ff93920e000 	C:\WINDOWS\System32\ADVAPI32.dll
0x00007ff938e20000 - 0x00007ff938ebc000 	C:\WINDOWS\System32\sechost.dll
0x00007ff938220000 - 0x00007ff938345000 	C:\WINDOWS\System32\RPCRT4.dll
0x00007ff938350000 - 0x00007ff938358000 	C:\WINDOWS\System32\PSAPI.DLL
0x00007ff92dd10000 - 0x00007ff92dd37000 	C:\WINDOWS\SYSTEM32\WINMM.dll
0x00007ff92ec90000 - 0x00007ff92ec9a000 	C:\WINDOWS\SYSTEM32\VERSION.dll
0x00007ff91bef0000 - 0x00007ff91bef9000 	C:\WINDOWS\SYSTEM32\WSOCK32.dll
0x00007ff9381b0000 - 0x00007ff93821b000 	C:\WINDOWS\System32\WS2_32.dll
0x00007ff9347f0000 - 0x00007ff934802000 	C:\WINDOWS\SYSTEM32\kernel.appcore.dll
0x00007ff92f010000 - 0x00007ff92f01a000 	c:\Users\shree\.vscode\extensions\redhat.java-1.3.0\jre\17.0.1-win32-x86_64\bin\jimage.dll
0x00007ff91d8f0000 - 0x00007ff91dad4000 	C:\WINDOWS\SYSTEM32\DBGHELP.DLL
0x00007ff91d8b0000 - 0x00007ff91d8dc000 	C:\WINDOWS\SYSTEM32\dbgcore.DLL
0x00007ff936a80000 - 0x00007ff936b02000 	C:\WINDOWS\System32\bcryptPrimitives.dll
0x00007ff91b170000 - 0x00007ff91b195000 	c:\Users\shree\.vscode\extensions\redhat.java-1.3.0\jre\17.0.1-win32-x86_64\bin\java.dll
0x00007ff91db10000 - 0x00007ff91db28000 	c:\Users\shree\.vscode\extensions\redhat.java-1.3.0\jre\17.0.1-win32-x86_64\bin\zip.dll

dbghelp: loaded successfully - version: 4.0.5 - missing functions: none
symbol engine: initialized successfully - sym options: 0x614 - pdb path: .;c:\Users\shree\.vscode\extensions\redhat.java-1.3.0\jre\17.0.1-win32-x86_64\bin;C:\WINDOWS\SYSTEM32;C:\WINDOWS\WinSxS\amd64_microsoft.windows.common-controls_6595b64144ccf1df_6.0.19041.1110_none_60b5254171f9507e;c:\Users\shree\.vscode\extensions\redhat.java-1.3.0\jre\17.0.1-win32-x86_64\bin\server

VM Arguments:
jvm_args: --add-modules=ALL-SYSTEM --add-opens=java.base/java.util=ALL-UNNAMED --add-opens=java.base/java.lang=ALL-UNNAMED --add-opens=java.base/sun.nio.fs=ALL-UNNAMED -Declipse.application=org.eclipse.jdt.ls.core.id1 -Dosgi.bundles.defaultStartLevel=4 -Declipse.product=org.eclipse.jdt.ls.core.product -Djava.import.generatesMetadataFilesAtProjectRoot=false -Dfile.encoding=utf8 -DwatchParentProcess=false -XX:+UseParallelGC -XX:GCTimeRatio=4 -XX:AdaptiveSizePolicyWeight=90 -Dsun.zip.disableMemoryMapping=true -Xmx1G -Xms100m 
java_command: c:\Users\shree\.vscode\extensions\redhat.java-1.3.0\server\plugins\org.eclipse.equinox.launcher_1.6.400.v20210924-0641.jar -configuration c:\Users\shree\AppData\Roaming\Code\User\globalStorage\redhat.java\1.3.0\config_ss_win -data c:\Users\shree\AppData\Roaming\Code\User\workspaceStorage\a234733266e7d496086917bf9cbe886e\redhat.java\ss_ws
java_class_path (initial): c:\Users\shree\.vscode\extensions\redhat.java-1.3.0\server\plugins\org.eclipse.equinox.launcher_1.6.400.v20210924-0641.jar
Launcher Type: SUN_STANDARD

[Global flags]
    uintx AdaptiveSizePolicyWeight                 = 90                                        {product} {command line}
     intx CICompilerCount                          = 4                                         {product} {ergonomic}
    uintx GCTimeRatio                              = 4                                         {product} {command line}
   size_t InitialHeapSize                          = 104857600                                 {product} {command line}
   size_t MaxHeapSize                              = 1073741824                                {product} {command line}
   size_t MaxNewSize                               = 357564416                                 {product} {ergonomic}
   size_t MinHeapDeltaBytes                        = 524288                                    {product} {ergonomic}
   size_t MinHeapSize                              = 104857600                                 {product} {command line}
   size_t NewSize                                  = 34603008                                  {product} {ergonomic}
    uintx NonNMethodCodeHeapSize                   = 5839372                                {pd product} {ergonomic}
    uintx NonProfiledCodeHeapSize                  = 122909434                              {pd product} {ergonomic}
   size_t OldSize                                  = 70254592                                  {product} {ergonomic}
    uintx ProfiledCodeHeapSize                     = 122909434                              {pd product} {ergonomic}
    uintx ReservedCodeCacheSize                    = 251658240                              {pd product} {ergonomic}
     bool SegmentedCodeCache                       = true                                      {product} {ergonomic}
   size_t SoftMaxHeapSize                          = 1073741824                             {manageable} {ergonomic}
     bool UseCompressedClassPointers               = true                           {product lp64_product} {ergonomic}
     bool UseCompressedOops                        = true                           {product lp64_product} {ergonomic}
     bool UseLargePagesIndividualAllocation        = false                                  {pd product} {ergonomic}
     bool UseParallelGC                            = true                                      {product} {command line}

Logging:
Log output configuration:
 #0: stdout all=warning uptime,level,tags
 #1: stderr all=off uptime,level,tags

Environment Variables:
JAVA_HOME=C:\Program Files\Java\jdk1.8.0_291
PATH=C:\Program Files (x86)\Common Files\Oracle\Java\javapath;C:\WINDOWS\system32;C:\WINDOWS;C:\WINDOWS\System32\Wbem;C:\WINDOWS\System32\WindowsPowerShell\v1.0\;C:\WINDOWS\System32\OpenSSH\;C:\ProgramData\chocolatey\bin;C:\Users\shree\AppData\Local\Programs\Python\Python39\Scripts\;C:\Users\shree\AppData\Local\Programs\Python\Python39\;C:\Users\shree\AppData\Roaming\npm;C:\Users\shree\AppData\Local\Programs\Python\Python39\Scripts;C:\Program Files\nodejs\;C:\Program Files\Git\cmd;C:\Program Files\WireGuard\;c:\users\shree\appdata\local\programs\python\python39\lib\site-packages\;C:\Users\shree\AppData\Local\Programs\Python\Python39\Scripts\;C:\Users\shree\AppData\Local\Programs\Python\Python39\;C:\Users\shree\AppData\Local\Programs\Microsoft VS Code\bin;C:\Users\shree\AppData\Local\Programs\Python\Python39\Scripts;C:\Users\shree\AppData\Roaming\npm
USERNAME=Yogesh
OS=Windows_NT
PROCESSOR_IDENTIFIER=AMD64 Family 23 Model 24 Stepping 1, AuthenticAMD



---------------  S Y S T E M  ---------------

OS:
 Windows 10 , 64 bit Build 19041 (10.0.19041.1466)
OS uptime: 0 days 0:18 hours
Hyper-V role detected

CPU: total 8 (initial active 8) (8 cores per cpu, 2 threads per core) family 23 model 24 stepping 1 microcode 0x0, cx8, cmov, fxsr, ht, mmx, 3dnowpref, sse, sse2, sse3, ssse3, sse4a, sse4.1, sse4.2, popcnt, lzcnt, tsc, tscinvbit, avx, avx2, aes, clmul, bmi1, bmi2, adx, sha, fma, vzeroupper, clflush, clflushopt, hv

Memory: 4k page, system-wide physical 6021M (1945M free)
TotalPageFile size 6021M (AvailPageFile size 5M)
current process WorkingSet (physical memory assigned to process): 15M, peak: 15M
current process commit charge ("private bytes"): 155M, peak: 156M

vm_info: OpenJDK 64-Bit Server VM (17.0.1+12) for windows-amd64 JRE (17.0.1+12), built on Oct 20 2021 07:42:55 by "" with MS VC++ 16.7 (VS2019)

END.
